<?xml version="1.0" encoding="UTF-8"?>
<!-- Generated by org.testng.reporters.JUnitXMLReporter -->
<testsuite ignored="0" hostname="Vasant" failures="1" tests="1" name="Regression" time="0.07" errors="0" timestamp="2023-12-23T00:32:09 IST">
  <testcase classname="com.iso.tests.LoginTest" name="loginTest" time="0.041">
    <failure type="java.lang.IllegalStateException" message="The driver executable does not exist: C:\Users\vasan\git\Testrepo\com.iso.project\src\com.iso.drivers\chromedriver.exe">
      <![CDATA[java.lang.IllegalStateException: The driver executable does not exist: C:\Users\vasan\git\Testrepo\com.iso.project\src\com.iso.drivers\chromedriver.exe
at com.google.common.base.Preconditions.checkState(Preconditions.java:585)
at org.openqa.selenium.remote.service.DriverService.checkExecutable(DriverService.java:146)
at org.openqa.selenium.remote.service.DriverService.findExecutable(DriverService.java:141)
at org.openqa.selenium.chrome.ChromeDriverService.access$000(ChromeDriverService.java:35)
at org.openqa.selenium.chrome.ChromeDriverService$Builder.findDefaultExecutable(ChromeDriverService.java:159)
at org.openqa.selenium.remote.service.DriverService$Builder.build(DriverService.java:355)
at org.openqa.selenium.chrome.ChromeDriverService.createDefaultService(ChromeDriverService.java:94)
at org.openqa.selenium.chrome.ChromeDriver.<init>(ChromeDriver.java:123)
at com.iso.genericPage.MasterPage.<init>(MasterPage.java:43)
at com.iso.genericPage.CommonMethods.<init>(CommonMethods.java:9)
at com.iso.pages.LoginPage.<init>(LoginPage.java:9)
at com.iso.tests.LoginTest.loginTest(LoginTest.java:12)
at java.base/java.util.ArrayList.forEach(ArrayList.java:1511)
... Removed 27 stack frames]]>
    </failure>
  </testcase> <!-- loginTest -->
</testsuite> <!-- Regression -->
